2013/11/13 21:55:57 [error] [exception.CHttpException.404] exception 'CHttpException' with message 'Unable to resolve the request "roles".' in C:\xampp\htdocs\yii\framework\web\CWebApplication.php:286
Stack trace:
#0 C:\xampp\htdocs\yii\framework\web\CWebApplication.php(141): CWebApplication->runController('roles')
#1 C:\xampp\htdocs\yii\framework\base\CApplication.php(180): CWebApplication->processRequest()
#2 C:\xampp\htdocs\reserva\index.php(13): CApplication->run()
#3 {main}
REQUEST_URI=/reserva/roles
HTTP_REFERER=http://localhost/reserva/rol/index
---
2013/11/13 21:56:05 [error] [exception.CHttpException.404] exception 'CHttpException' with message 'Unable to resolve the request "roles".' in C:\xampp\htdocs\yii\framework\web\CWebApplication.php:286
Stack trace:
#0 C:\xampp\htdocs\yii\framework\web\CWebApplication.php(141): CWebApplication->runController('roles')
#1 C:\xampp\htdocs\yii\framework\base\CApplication.php(180): CWebApplication->processRequest()
#2 C:\xampp\htdocs\reserva\index.php(13): CApplication->run()
#3 {main}
REQUEST_URI=/reserva/roles
HTTP_REFERER=http://localhost/reserva/tiposervicio
---
2013/11/13 22:08:58 [error] [exception.CHttpException.400] exception 'CHttpException' with message 'Your request is invalid.' in C:\xampp\htdocs\yii\framework\web\CController.php:336
Stack trace:
#0 C:\xampp\htdocs\yii\framework\web\CController.php(309): CController->invalidActionParams(Object(CInlineAction))
#1 C:\xampp\htdocs\yii\framework\web\filters\CFilterChain.php(133): CController->runAction(Object(CInlineAction))
#2 C:\xampp\htdocs\yii\framework\web\filters\CFilter.php(40): CFilterChain->run()
#3 C:\xampp\htdocs\yii\framework\web\CController.php(1145): CFilter->filter(Object(CFilterChain))
#4 C:\xampp\htdocs\yii\framework\web\filters\CInlineFilter.php(58): CController->filterAccessControl(Object(CFilterChain))
#5 C:\xampp\htdocs\yii\framework\web\filters\CFilterChain.php(130): CInlineFilter->filter(Object(CFilterChain))
#6 C:\xampp\htdocs\yii\framework\web\CController.php(291): CFilterChain->run()
#7 C:\xampp\htdocs\yii\framework\web\CController.php(265): CController->runActionWithFilters(Object(CInlineAction), Array)
#8 C:\xampp\htdocs\yii\framework\web\CWebApplication.php(282): CController->run('update')
#9 C:\xampp\htdocs\yii\framework\web\CWebApplication.php(141): CWebApplication->runController('tiposervicio/up...')
#10 C:\xampp\htdocs\yii\framework\base\CApplication.php(180): CWebApplication->processRequest()
#11 C:\xampp\htdocs\reserva\index.php(13): CApplication->run()
#12 {main}
REQUEST_URI=/reserva/tiposervicio/update
---
2013/11/13 22:09:16 [error] [exception.CHttpException.404] exception 'CHttpException' with message 'The system is unable to find the requested action "mostrarservicio".' in C:\xampp\htdocs\yii\framework\web\CController.php:483
Stack trace:
#0 C:\xampp\htdocs\yii\framework\web\CController.php(270): CController->missingAction('mostrarservicio')
#1 C:\xampp\htdocs\yii\framework\web\CWebApplication.php(282): CController->run('mostrarservicio')
#2 C:\xampp\htdocs\yii\framework\web\CWebApplication.php(141): CWebApplication->runController('tiposervicio/mo...')
#3 C:\xampp\htdocs\yii\framework\base\CApplication.php(180): CWebApplication->processRequest()
#4 C:\xampp\htdocs\reserva\index.php(13): CApplication->run()
#5 {main}
REQUEST_URI=/reserva/tiposervicio/mostrarservicio
---
2013/11/13 22:10:30 [error] [exception.CDbException] exception 'CDbException' with message 'CDbConnection failed to open the DB connection: SQLSTATE[HY000] [2002] No se puede establecer una conexión ya que el equipo de destino denegó expresamente dicha conexión.
' in C:\xampp\htdocs\yii\framework\db\CDbConnection.php:382
Stack trace:
#0 C:\xampp\htdocs\yii\framework\db\CDbConnection.php(330): CDbConnection->open()
#1 C:\xampp\htdocs\yii\framework\db\CDbConnection.php(308): CDbConnection->setActive(true)
#2 C:\xampp\htdocs\yii\framework\base\CModule.php(387): CDbConnection->init()
#3 C:\xampp\htdocs\yii\framework\base\CApplication.php(450): CModule->getComponent('db')
#4 C:\xampp\htdocs\yii\framework\db\ar\CActiveRecord.php(634): CApplication->getDb()
#5 C:\xampp\htdocs\yii\framework\db\ar\CActiveRecord.php(667): CActiveRecord->getDbConnection()
#6 C:\xampp\htdocs\yii\framework\db\ar\CActiveRecord.php(1595): CActiveRecord->getCommandBuilder()
#7 C:\xampp\htdocs\yii\framework\web\CActiveDataProvider.php(228): CActiveRecord->count(Object(CDbCriteria))
#8 C:\xampp\htdocs\yii\framework\web\CDataProvider.php(224): CActiveDataProvider->calculateTotalItemCount()
#9 C:\xampp\htdocs\yii\framework\web\CActiveDataProvider.php(178): CDataProvider->getTotalItemCount()
#10 C:\xampp\htdocs\yii\framework\web\CDataProvider.php(168): CActiveDataProvider->fetchData()
#11 C:\xampp\htdocs\yii\framework\zii\widgets\CBaseListView.php(111): CDataProvider->getData()
#12 C:\xampp\htdocs\yii\framework\zii\widgets\CListView.php(211): CBaseListView->init()
#13 C:\xampp\htdocs\yii\framework\web\CBaseController.php(147): CListView->init()
#14 C:\xampp\htdocs\yii\framework\web\CBaseController.php(172): CBaseController->createWidget('zii.widgets.CLi...', Array)
#15 C:\xampp\htdocs\reserva\protected\views\tipoServicio\index.php(20): CBaseController->widget('zii.widgets.CLi...', Array)
#16 C:\xampp\htdocs\yii\framework\web\CBaseController.php(126): require('C:\xampp\htdocs...')
#17 C:\xampp\htdocs\yii\framework\web\CBaseController.php(95): CBaseController->renderInternal('C:\xampp\htdocs...', Array, true)
#18 C:\xampp\htdocs\yii\framework\web\CController.php(869): CBaseController->renderFile('C:\xampp\htdocs...', Array, true)
#19 C:\xampp\htdocs\yii\framework\web\CController.php(782): CController->renderPartial('index', Array, true)
#20 C:\xampp\htdocs\reserva\protected\controllers\TipoServicioController.php(128): CController->render('index', Array)
#21 C:\xampp\htdocs\yii\framework\web\actions\CInlineAction.php(49): TipoServicioController->actionIndex()
#22 C:\xampp\htdocs\yii\framework\web\CController.php(308): CInlineAction->runWithParams(Array)
#23 C:\xampp\htdocs\yii\framework\web\filters\CFilterChain.php(133): CController->runAction(Object(CInlineAction))
#24 C:\xampp\htdocs\yii\framework\web\filters\CFilter.php(40): CFilterChain->run()
#25 C:\xampp\htdocs\yii\framework\web\CController.php(1145): CFilter->filter(Object(CFilterChain))
#26 C:\xampp\htdocs\yii\framework\web\filters\CInlineFilter.php(58): CController->filterAccessControl(Object(CFilterChain))
#27 C:\xampp\htdocs\yii\framework\web\filters\CFilterChain.php(130): CInlineFilter->filter(Object(CFilterChain))
#28 C:\xampp\htdocs\yii\framework\web\CController.php(291): CFilterChain->run()
#29 C:\xampp\htdocs\yii\framework\web\CController.php(265): CController->runActionWithFilters(Object(CInlineAction), Array)
#30 C:\xampp\htdocs\yii\framework\web\CWebApplication.php(282): CController->run('')
#31 C:\xampp\htdocs\yii\framework\web\CWebApplication.php(141): CWebApplication->runController('tiposervicio')
#32 C:\xampp\htdocs\yii\framework\base\CApplication.php(180): CWebApplication->processRequest()
#33 C:\xampp\htdocs\reserva\index.php(13): CApplication->run()
#34 {main}
REQUEST_URI=/reserva/tiposervicio
HTTP_REFERER=http://localhost/reserva/tiposervicio/
---
2013/11/16 02:42:09 [error] [exception.CException] exception 'CException' with message 'Property "Huesped.nombre" is not defined.' in C:\xampp\htdocs\yii\framework\base\CComponent.php:130
Stack trace:
#0 C:\xampp\htdocs\yii\framework\db\ar\CActiveRecord.php(145): CComponent->__get('nombre')
#1 C:\xampp\htdocs\decamesoft\protected\views\huesped\view.php(19): CActiveRecord->__get('nombre')
#2 C:\xampp\htdocs\yii\framework\web\CBaseController.php(126): require('C:\xampp\htdocs...')
#3 C:\xampp\htdocs\yii\framework\web\CBaseController.php(95): CBaseController->renderInternal('C:\xampp\htdocs...', Array, true)
#4 C:\xampp\htdocs\yii\framework\web\CController.php(869): CBaseController->renderFile('C:\xampp\htdocs...', Array, true)
#5 C:\xampp\htdocs\yii\framework\web\CController.php(782): CController->renderPartial('view', Array, true)
#6 C:\xampp\htdocs\decamesoft\protected\controllers\HuespedController.php(56): CController->render('view', Array)
#7 [internal function]: HuespedController->actionView('1')
#8 C:\xampp\htdocs\yii\framework\web\actions\CAction.php(108): ReflectionMethod->invokeArgs(Object(HuespedController), Array)
#9 C:\xampp\htdocs\yii\framework\web\actions\CInlineAction.php(47): CAction->runWithParamsInternal(Object(HuespedController), Object(ReflectionMethod), Array)
#10 C:\xampp\htdocs\yii\framework\web\CController.php(308): CInlineAction->runWithParams(Array)
#11 C:\xampp\htdocs\yii\framework\web\filters\CFilterChain.php(133): CController->runAction(Object(CInlineAction))
#12 C:\xampp\htdocs\yii\framework\web\filters\CFilter.php(40): CFilterChain->run()
#13 C:\xampp\htdocs\yii\framework\web\CController.php(1145): CFilter->filter(Object(CFilterChain))
#14 C:\xampp\htdocs\yii\framework\web\filters\CInlineFilter.php(58): CController->filterAccessControl(Object(CFilterChain))
#15 C:\xampp\htdocs\yii\framework\web\filters\CFilterChain.php(130): CInlineFilter->filter(Object(CFilterChain))
#16 C:\xampp\htdocs\yii\framework\web\CController.php(291): CFilterChain->run()
#17 C:\xampp\htdocs\yii\framework\web\CController.php(265): CController->runActionWithFilters(Object(CInlineAction), Array)
#18 C:\xampp\htdocs\yii\framework\web\CWebApplication.php(282): CController->run('view')
#19 C:\xampp\htdocs\yii\framework\web\CWebApplication.php(141): CWebApplication->runController('huesped/view')
#20 C:\xampp\htdocs\yii\framework\base\CApplication.php(180): CWebApplication->processRequest()
#21 C:\xampp\htdocs\decamesoft\index.php(13): CApplication->run()
#22 {main}
REQUEST_URI=/decamesoft/huesped/1
---
2013/11/16 02:52:12 [error] [php] include(password.php): failed to open stream: No such file or directory (C:\xampp\htdocs\yii\framework\YiiBase.php:427)
Stack trace:
#0 C:\xampp\htdocs\yii\framework\validators\CValidator.php(186): import()
#1 C:\xampp\htdocs\yii\framework\base\CModel.php(287): createValidator()
#2 C:\xampp\htdocs\yii\framework\base\CModel.php(260): UsuarioCliente->createValidators()
#3 C:\xampp\htdocs\yii\framework\base\CModel.php(304): UsuarioCliente->getValidators()
#4 C:\xampp\htdocs\yii\framework\web\helpers\CHtml.php(1414): UsuarioCliente->isAttributeRequired()
#5 C:\xampp\htdocs\yii\framework\web\widgets\CActiveForm.php(597): activeLabelEx()
#6 C:\xampp\htdocs\decamesoft\protected\views\usuarioCliente\_form.php(23): CActiveForm->labelEx()
#7 C:\xampp\htdocs\yii\framework\web\CBaseController.php(126): require()
#8 C:\xampp\htdocs\yii\framework\web\CBaseController.php(95): UsuarioClienteController->renderInternal()
#9 C:\xampp\htdocs\yii\framework\web\CController.php(869): UsuarioClienteController->renderFile()
#10 C:\xampp\htdocs\decamesoft\protected\views\usuarioCliente\create.php(18): UsuarioClienteController->renderPartial()
#11 C:\xampp\htdocs\yii\framework\web\CBaseController.php(126): require()
#12 C:\xampp\htdocs\yii\framework\web\CBaseController.php(95): UsuarioClienteController->renderInternal()
#13 C:\xampp\htdocs\yii\framework\web\CController.php(869): UsuarioClienteController->renderFile()
#14 C:\xampp\htdocs\yii\framework\web\CController.php(782): UsuarioClienteController->renderPartial()
#15 C:\xampp\htdocs\decamesoft\protected\controllers\UsuarioClienteController.php(79): UsuarioClienteController->render()
#16 C:\xampp\htdocs\yii\framework\web\actions\CInlineAction.php(49): UsuarioClienteController->actionCreate()
#17 C:\xampp\htdocs\yii\framework\web\CController.php(308): CInlineAction->runWithParams()
#18 C:\xampp\htdocs\yii\framework\web\filters\CFilterChain.php(133): UsuarioClienteController->runAction()
#19 C:\xampp\htdocs\yii\framework\web\filters\CFilter.php(40): CFilterChain->run()
#20 C:\xampp\htdocs\yii\framework\web\CController.php(1145): CAccessControlFilter->filter()
#21 C:\xampp\htdocs\yii\framework\web\filters\CInlineFilter.php(58): UsuarioClienteController->filterAccessControl()
#22 C:\xampp\htdocs\yii\framework\web\filters\CFilterChain.php(130): CInlineFilter->filter()
#23 C:\xampp\htdocs\yii\framework\web\CController.php(291): CFilterChain->run()
#24 C:\xampp\htdocs\yii\framework\web\CController.php(265): UsuarioClienteController->runActionWithFilters()
#25 C:\xampp\htdocs\yii\framework\web\CWebApplication.php(282): UsuarioClienteController->run()
#26 C:\xampp\htdocs\yii\framework\web\CWebApplication.php(141): CWebApplication->runController()
#27 C:\xampp\htdocs\yii\framework\base\CApplication.php(180): CWebApplication->processRequest()
#28 C:\xampp\htdocs\decamesoft\index.php(13): CWebApplication->run()
REQUEST_URI=/decamesoft/usuariocliente/create
in C:\xampp\htdocs\decamesoft\protected\views\usuarioCliente\_form.php (23)
in C:\xampp\htdocs\decamesoft\protected\views\usuarioCliente\create.php (18)
in C:\xampp\htdocs\decamesoft\protected\controllers\UsuarioClienteController.php (79)
2013/11/16 02:52:56 [error] [php] include(passwords.php): failed to open stream: No such file or directory (C:\xampp\htdocs\yii\framework\YiiBase.php:427)
Stack trace:
#0 C:\xampp\htdocs\yii\framework\validators\CValidator.php(186): import()
#1 C:\xampp\htdocs\yii\framework\base\CModel.php(287): createValidator()
#2 C:\xampp\htdocs\yii\framework\base\CModel.php(260): UsuarioCliente->createValidators()
#3 C:\xampp\htdocs\yii\framework\base\CModel.php(304): UsuarioCliente->getValidators()
#4 C:\xampp\htdocs\yii\framework\web\helpers\CHtml.php(1414): UsuarioCliente->isAttributeRequired()
#5 C:\xampp\htdocs\yii\framework\web\widgets\CActiveForm.php(597): activeLabelEx()
#6 C:\xampp\htdocs\decamesoft\protected\views\usuarioCliente\_form.php(23): CActiveForm->labelEx()
#7 C:\xampp\htdocs\yii\framework\web\CBaseController.php(126): require()
#8 C:\xampp\htdocs\yii\framework\web\CBaseController.php(95): UsuarioClienteController->renderInternal()
#9 C:\xampp\htdocs\yii\framework\web\CController.php(869): UsuarioClienteController->renderFile()
#10 C:\xampp\htdocs\decamesoft\protected\views\usuarioCliente\create.php(18): UsuarioClienteController->renderPartial()
#11 C:\xampp\htdocs\yii\framework\web\CBaseController.php(126): require()
#12 C:\xampp\htdocs\yii\framework\web\CBaseController.php(95): UsuarioClienteController->renderInternal()
#13 C:\xampp\htdocs\yii\framework\web\CController.php(869): UsuarioClienteController->renderFile()
#14 C:\xampp\htdocs\yii\framework\web\CController.php(782): UsuarioClienteController->renderPartial()
#15 C:\xampp\htdocs\decamesoft\protected\controllers\UsuarioClienteController.php(79): UsuarioClienteController->render()
#16 C:\xampp\htdocs\yii\framework\web\actions\CInlineAction.php(49): UsuarioClienteController->actionCreate()
#17 C:\xampp\htdocs\yii\framework\web\CController.php(308): CInlineAction->runWithParams()
#18 C:\xampp\htdocs\yii\framework\web\filters\CFilterChain.php(133): UsuarioClienteController->runAction()
#19 C:\xampp\htdocs\yii\framework\web\filters\CFilter.php(40): CFilterChain->run()
#20 C:\xampp\htdocs\yii\framework\web\CController.php(1145): CAccessControlFilter->filter()
#21 C:\xampp\htdocs\yii\framework\web\filters\CInlineFilter.php(58): UsuarioClienteController->filterAccessControl()
#22 C:\xampp\htdocs\yii\framework\web\filters\CFilterChain.php(130): CInlineFilter->filter()
#23 C:\xampp\htdocs\yii\framework\web\CController.php(291): CFilterChain->run()
#24 C:\xampp\htdocs\yii\framework\web\CController.php(265): UsuarioClienteController->runActionWithFilters()
#25 C:\xampp\htdocs\yii\framework\web\CWebApplication.php(282): UsuarioClienteController->run()
#26 C:\xampp\htdocs\yii\framework\web\CWebApplication.php(141): CWebApplication->runController()
#27 C:\xampp\htdocs\yii\framework\base\CApplication.php(180): CWebApplication->processRequest()
#28 C:\xampp\htdocs\decamesoft\index.php(13): CWebApplication->run()
REQUEST_URI=/decamesoft/usuariocliente/create
in C:\xampp\htdocs\decamesoft\protected\views\usuarioCliente\_form.php (23)
in C:\xampp\htdocs\decamesoft\protected\views\usuarioCliente\create.php (18)
in C:\xampp\htdocs\decamesoft\protected\controllers\UsuarioClienteController.php (79)
2013/11/16 02:59:45 [error] [exception.CHttpException.404] exception 'CHttpException' with message 'The system is unable to find the requested action "id".' in C:\xampp\htdocs\yii\framework\web\CController.php:483
Stack trace:
#0 C:\xampp\htdocs\yii\framework\web\CController.php(270): CController->missingAction('id')
#1 C:\xampp\htdocs\yii\framework\web\CWebApplication.php(282): CController->run('id')
#2 C:\xampp\htdocs\yii\framework\web\CWebApplication.php(141): CWebApplication->runController('usuariocliente/...')
#3 C:\xampp\htdocs\yii\framework\base\CApplication.php(180): CWebApplication->processRequest()
#4 C:\xampp\htdocs\decamesoft\index.php(13): CApplication->run()
#5 {main}
REQUEST_URI=/decamesoft/usuariocliente/id
HTTP_REFERER=http://localhost/decamesoft/huesped/create
---
2013/11/16 03:00:00 [error] [exception.CHttpException.404] exception 'CHttpException' with message 'The system is unable to find the requested action "id".' in C:\xampp\htdocs\yii\framework\web\CController.php:483
Stack trace:
#0 C:\xampp\htdocs\yii\framework\web\CController.php(270): CController->missingAction('id')
#1 C:\xampp\htdocs\yii\framework\web\CWebApplication.php(282): CController->run('id')
#2 C:\xampp\htdocs\yii\framework\web\CWebApplication.php(141): CWebApplication->runController('usuariocliente/...')
#3 C:\xampp\htdocs\yii\framework\base\CApplication.php(180): CWebApplication->processRequest()
#4 C:\xampp\htdocs\decamesoft\index.php(13): CApplication->run()
#5 {main}
REQUEST_URI=/decamesoft/usuariocliente/id
HTTP_REFERER=http://localhost/decamesoft/huesped/create
---
2013/11/16 03:02:05 [error] [php] Undefined variable: id (C:\xampp\htdocs\decamesoft\protected\controllers\UsuarioClienteController.php:70)
Stack trace:
#0 C:\xampp\htdocs\yii\framework\web\filters\CFilterChain.php(133): UsuarioClienteController->runAction()
#1 C:\xampp\htdocs\yii\framework\web\filters\CFilter.php(40): CFilterChain->run()
#2 C:\xampp\htdocs\yii\framework\web\CController.php(1145): CAccessControlFilter->filter()
#3 C:\xampp\htdocs\yii\framework\web\filters\CInlineFilter.php(58): UsuarioClienteController->filterAccessControl()
#4 C:\xampp\htdocs\yii\framework\web\filters\CFilterChain.php(130): CInlineFilter->filter()
#5 C:\xampp\htdocs\yii\framework\web\CController.php(291): CFilterChain->run()
#6 C:\xampp\htdocs\yii\framework\web\CController.php(265): UsuarioClienteController->runActionWithFilters()
#7 C:\xampp\htdocs\yii\framework\web\CWebApplication.php(282): UsuarioClienteController->run()
#8 C:\xampp\htdocs\yii\framework\web\CWebApplication.php(141): CWebApplication->runController()
#9 C:\xampp\htdocs\yii\framework\base\CApplication.php(180): CWebApplication->processRequest()
#10 C:\xampp\htdocs\decamesoft\index.php(13): CWebApplication->run()
REQUEST_URI=/decamesoft/usuariocliente/create/
in C:\xampp\htdocs\decamesoft\protected\controllers\UsuarioClienteController.php (70)
in C:\xampp\htdocs\decamesoft\index.php (13)
2013/11/16 03:02:36 [error] [php] Undefined variable: model (C:\xampp\htdocs\decamesoft\protected\controllers\UsuarioClienteController.php:65)
Stack trace:
#0 C:\xampp\htdocs\yii\framework\web\filters\CFilterChain.php(133): UsuarioClienteController->runAction()
#1 C:\xampp\htdocs\yii\framework\web\filters\CFilter.php(40): CFilterChain->run()
#2 C:\xampp\htdocs\yii\framework\web\CController.php(1145): CAccessControlFilter->filter()
#3 C:\xampp\htdocs\yii\framework\web\filters\CInlineFilter.php(58): UsuarioClienteController->filterAccessControl()
#4 C:\xampp\htdocs\yii\framework\web\filters\CFilterChain.php(130): CInlineFilter->filter()
#5 C:\xampp\htdocs\yii\framework\web\CController.php(291): CFilterChain->run()
#6 C:\xampp\htdocs\yii\framework\web\CController.php(265): UsuarioClienteController->runActionWithFilters()
#7 C:\xampp\htdocs\yii\framework\web\CWebApplication.php(282): UsuarioClienteController->run()
#8 C:\xampp\htdocs\yii\framework\web\CWebApplication.php(141): CWebApplication->runController()
#9 C:\xampp\htdocs\yii\framework\base\CApplication.php(180): CWebApplication->processRequest()
#10 C:\xampp\htdocs\decamesoft\index.php(13): CWebApplication->run()
REQUEST_URI=/decamesoft/usuariocliente/create/
in C:\xampp\htdocs\decamesoft\protected\controllers\UsuarioClienteController.php (65)
in C:\xampp\htdocs\decamesoft\index.php (13)
2013/11/16 03:05:05 [error] [php] Use of undefined constant Huesped - assumed 'Huesped' (C:\xampp\htdocs\decamesoft\protected\controllers\UsuarioClienteController.php:67)
Stack trace:
#0 C:\xampp\htdocs\yii\framework\web\filters\CFilterChain.php(133): UsuarioClienteController->runAction()
#1 C:\xampp\htdocs\yii\framework\web\filters\CFilter.php(40): CFilterChain->run()
#2 C:\xampp\htdocs\yii\framework\web\CController.php(1145): CAccessControlFilter->filter()
#3 C:\xampp\htdocs\yii\framework\web\filters\CInlineFilter.php(58): UsuarioClienteController->filterAccessControl()
#4 C:\xampp\htdocs\yii\framework\web\filters\CFilterChain.php(130): CInlineFilter->filter()
#5 C:\xampp\htdocs\yii\framework\web\CController.php(291): CFilterChain->run()
#6 C:\xampp\htdocs\yii\framework\web\CController.php(265): UsuarioClienteController->runActionWithFilters()
#7 C:\xampp\htdocs\yii\framework\web\CWebApplication.php(282): UsuarioClienteController->run()
#8 C:\xampp\htdocs\yii\framework\web\CWebApplication.php(141): CWebApplication->runController()
#9 C:\xampp\htdocs\yii\framework\base\CApplication.php(180): CWebApplication->processRequest()
#10 C:\xampp\htdocs\decamesoft\index.php(13): CWebApplication->run()
REQUEST_URI=/decamesoft/usuariocliente/create/
in C:\xampp\htdocs\decamesoft\protected\controllers\UsuarioClienteController.php (67)
in C:\xampp\htdocs\decamesoft\index.php (13)
2013/11/16 03:05:20 [error] [php] Use of undefined constant mHuesped - assumed 'mHuesped' (C:\xampp\htdocs\decamesoft\protected\controllers\UsuarioClienteController.php:71)
Stack trace:
#0 C:\xampp\htdocs\yii\framework\web\filters\CFilterChain.php(133): UsuarioClienteController->runAction()
#1 C:\xampp\htdocs\yii\framework\web\filters\CFilter.php(40): CFilterChain->run()
#2 C:\xampp\htdocs\yii\framework\web\CController.php(1145): CAccessControlFilter->filter()
#3 C:\xampp\htdocs\yii\framework\web\filters\CInlineFilter.php(58): UsuarioClienteController->filterAccessControl()
#4 C:\xampp\htdocs\yii\framework\web\filters\CFilterChain.php(130): CInlineFilter->filter()
#5 C:\xampp\htdocs\yii\framework\web\CController.php(291): CFilterChain->run()
#6 C:\xampp\htdocs\yii\framework\web\CController.php(265): UsuarioClienteController->runActionWithFilters()
#7 C:\xampp\htdocs\yii\framework\web\CWebApplication.php(282): UsuarioClienteController->run()
#8 C:\xampp\htdocs\yii\framework\web\CWebApplication.php(141): CWebApplication->runController()
#9 C:\xampp\htdocs\yii\framework\base\CApplication.php(180): CWebApplication->processRequest()
#10 C:\xampp\htdocs\decamesoft\index.php(13): CWebApplication->run()
REQUEST_URI=/decamesoft/usuariocliente/create/
in C:\xampp\htdocs\decamesoft\protected\controllers\UsuarioClienteController.php (71)
in C:\xampp\htdocs\decamesoft\index.php (13)
2013/11/16 03:05:46 [error] [php] Use of undefined constant mHuesped - assumed 'mHuesped' (C:\xampp\htdocs\decamesoft\protected\controllers\UsuarioClienteController.php:71)
Stack trace:
#0 C:\xampp\htdocs\yii\framework\web\filters\CFilterChain.php(133): UsuarioClienteController->runAction()
#1 C:\xampp\htdocs\yii\framework\web\filters\CFilter.php(40): CFilterChain->run()
#2 C:\xampp\htdocs\yii\framework\web\CController.php(1145): CAccessControlFilter->filter()
#3 C:\xampp\htdocs\yii\framework\web\filters\CInlineFilter.php(58): UsuarioClienteController->filterAccessControl()
#4 C:\xampp\htdocs\yii\framework\web\filters\CFilterChain.php(130): CInlineFilter->filter()
#5 C:\xampp\htdocs\yii\framework\web\CController.php(291): CFilterChain->run()
#6 C:\xampp\htdocs\yii\framework\web\CController.php(265): UsuarioClienteController->runActionWithFilters()
#7 C:\xampp\htdocs\yii\framework\web\CWebApplication.php(282): UsuarioClienteController->run()
#8 C:\xampp\htdocs\yii\framework\web\CWebApplication.php(141): CWebApplication->runController()
#9 C:\xampp\htdocs\yii\framework\base\CApplication.php(180): CWebApplication->processRequest()
#10 C:\xampp\htdocs\decamesoft\index.php(13): CWebApplication->run()
REQUEST_URI=/decamesoft/usuariocliente/create/
in C:\xampp\htdocs\decamesoft\protected\controllers\UsuarioClienteController.php (71)
in C:\xampp\htdocs\decamesoft\index.php (13)
2013/11/20 16:17:12 [error] [php] include(Huesped.php): failed to open stream: No such file or directory (C:\xampp\htdocs\yii\framework\YiiBase.php:427)
Stack trace:
#0 C:\xampp\htdocs\yii\framework\db\ar\CActiveRecord.php(395): spl_autoload_call()
#1 C:\xampp\htdocs\yii\framework\web\CActiveDataProvider.php(165): model()
#2 C:\xampp\htdocs\yii\framework\web\CActiveDataProvider.php(87): CActiveDataProvider->getModel()
#3 C:\xampp\htdocs\decamesoft\protected\controllers\HuespedController.php(125): CActiveDataProvider->__construct()
#4 C:\xampp\htdocs\yii\framework\web\actions\CInlineAction.php(49): HuespedController->actionIndex()
#5 C:\xampp\htdocs\yii\framework\web\CController.php(308): CInlineAction->runWithParams()
#6 C:\xampp\htdocs\yii\framework\web\filters\CFilterChain.php(133): HuespedController->runAction()
#7 C:\xampp\htdocs\yii\framework\web\filters\CFilter.php(40): CFilterChain->run()
#8 C:\xampp\htdocs\yii\framework\web\CController.php(1145): CAccessControlFilter->filter()
#9 C:\xampp\htdocs\yii\framework\web\filters\CInlineFilter.php(58): HuespedController->filterAccessControl()
#10 C:\xampp\htdocs\yii\framework\web\filters\CFilterChain.php(130): CInlineFilter->filter()
#11 C:\xampp\htdocs\yii\framework\web\CController.php(291): CFilterChain->run()
#12 C:\xampp\htdocs\yii\framework\web\CController.php(265): HuespedController->runActionWithFilters()
#13 C:\xampp\htdocs\yii\framework\web\CWebApplication.php(282): HuespedController->run()
#14 C:\xampp\htdocs\yii\framework\web\CWebApplication.php(141): CWebApplication->runController()
#15 C:\xampp\htdocs\yii\framework\base\CApplication.php(180): CWebApplication->processRequest()
#16 C:\xampp\htdocs\decamesoft\index.php(13): CWebApplication->run()
REQUEST_URI=/decamesoft/huesped
in C:\xampp\htdocs\decamesoft\protected\controllers\HuespedController.php (125)
in C:\xampp\htdocs\decamesoft\index.php (13)
2013/11/20 16:19:05 [error] [exception.CHttpException.404] exception 'CHttpException' with message 'Unable to resolve the request "rol".' in C:\xampp\htdocs\yii\framework\web\CWebApplication.php:286
Stack trace:
#0 C:\xampp\htdocs\yii\framework\web\CWebApplication.php(141): CWebApplication->runController('rol')
#1 C:\xampp\htdocs\yii\framework\base\CApplication.php(180): CWebApplication->processRequest()
#2 C:\xampp\htdocs\decamesoft\index.php(13): CApplication->run()
#3 {main}
REQUEST_URI=/decamesoft/rol
HTTP_REFERER=http://localhost/decamesoft/
---
2013/11/20 16:19:08 [error] [exception.CHttpException.404] exception 'CHttpException' with message 'Unable to resolve the request "huesped".' in C:\xampp\htdocs\yii\framework\web\CWebApplication.php:286
Stack trace:
#0 C:\xampp\htdocs\yii\framework\web\CWebApplication.php(141): CWebApplication->runController('huesped')
#1 C:\xampp\htdocs\yii\framework\base\CApplication.php(180): CWebApplication->processRequest()
#2 C:\xampp\htdocs\decamesoft\index.php(13): CApplication->run()
#3 {main}
REQUEST_URI=/decamesoft/huesped
HTTP_REFERER=http://localhost/decamesoft/
---
2013/11/20 16:19:10 [error] [exception.CHttpException.404] exception 'CHttpException' with message 'Unable to resolve the request "tiposervicio".' in C:\xampp\htdocs\yii\framework\web\CWebApplication.php:286
Stack trace:
#0 C:\xampp\htdocs\yii\framework\web\CWebApplication.php(141): CWebApplication->runController('tiposervicio')
#1 C:\xampp\htdocs\yii\framework\base\CApplication.php(180): CWebApplication->processRequest()
#2 C:\xampp\htdocs\decamesoft\index.php(13): CApplication->run()
#3 {main}
REQUEST_URI=/decamesoft/tiposervicio
HTTP_REFERER=http://localhost/decamesoft/huesped
---
2013/11/20 16:19:11 [error] [exception.CHttpException.404] exception 'CHttpException' with message 'Unable to resolve the request "rol".' in C:\xampp\htdocs\yii\framework\web\CWebApplication.php:286
Stack trace:
#0 C:\xampp\htdocs\yii\framework\web\CWebApplication.php(141): CWebApplication->runController('rol')
#1 C:\xampp\htdocs\yii\framework\base\CApplication.php(180): CWebApplication->processRequest()
#2 C:\xampp\htdocs\decamesoft\index.php(13): CApplication->run()
#3 {main}
REQUEST_URI=/decamesoft/rol
HTTP_REFERER=http://localhost/decamesoft/tiposervicio
---
2013/11/20 09:56:08 [error] [php] include(tipo_alojamiento.php): failed to open stream: No such file or directory (C:\xampp\htdocs\yii\framework\YiiBase.php:427)
Stack trace:
#0 C:\xampp\htdocs\decamesoft\protected\views\alojamiento\_form.php(32): spl_autoload_call()
#1 C:\xampp\htdocs\yii\framework\web\CBaseController.php(126): require()
#2 C:\xampp\htdocs\yii\framework\web\CBaseController.php(95): AlojamientoController->renderInternal()
#3 C:\xampp\htdocs\yii\framework\web\CController.php(869): AlojamientoController->renderFile()
#4 C:\xampp\htdocs\decamesoft\protected\views\alojamiento\create.php(18): AlojamientoController->renderPartial()
#5 C:\xampp\htdocs\yii\framework\web\CBaseController.php(126): require()
#6 C:\xampp\htdocs\yii\framework\web\CBaseController.php(95): AlojamientoController->renderInternal()
#7 C:\xampp\htdocs\yii\framework\web\CController.php(869): AlojamientoController->renderFile()
#8 C:\xampp\htdocs\yii\framework\web\CController.php(782): AlojamientoController->renderPartial()
#9 C:\xampp\htdocs\decamesoft\protected\controllers\AlojamientoController.php(79): AlojamientoController->render()
#10 C:\xampp\htdocs\yii\framework\web\actions\CInlineAction.php(49): AlojamientoController->actionCreate()
#11 C:\xampp\htdocs\yii\framework\web\CController.php(308): CInlineAction->runWithParams()
#12 C:\xampp\htdocs\yii\framework\web\filters\CFilterChain.php(133): AlojamientoController->runAction()
#13 C:\xampp\htdocs\yii\framework\web\filters\CFilter.php(40): CFilterChain->run()
#14 C:\xampp\htdocs\yii\framework\web\CController.php(1145): CAccessControlFilter->filter()
#15 C:\xampp\htdocs\yii\framework\web\filters\CInlineFilter.php(58): AlojamientoController->filterAccessControl()
#16 C:\xampp\htdocs\yii\framework\web\filters\CFilterChain.php(130): CInlineFilter->filter()
#17 C:\xampp\htdocs\yii\framework\web\CController.php(291): CFilterChain->run()
#18 C:\xampp\htdocs\yii\framework\web\CController.php(265): AlojamientoController->runActionWithFilters()
#19 C:\xampp\htdocs\yii\framework\web\CWebApplication.php(282): AlojamientoController->run()
#20 C:\xampp\htdocs\yii\framework\web\CWebApplication.php(141): CWebApplication->runController()
#21 C:\xampp\htdocs\yii\framework\base\CApplication.php(180): CWebApplication->processRequest()
#22 C:\xampp\htdocs\decamesoft\index.php(13): CWebApplication->run()
REQUEST_URI=/decamesoft/alojamiento/create
in C:\xampp\htdocs\decamesoft\protected\views\alojamiento\_form.php (32)
in C:\xampp\htdocs\decamesoft\protected\views\alojamiento\create.php (18)
in C:\xampp\htdocs\decamesoft\protected\controllers\AlojamientoController.php (79)
2013/11/20 09:56:23 [error] [php] include(tipo_alojamiento.php): failed to open stream: No such file or directory (C:\xampp\htdocs\yii\framework\YiiBase.php:427)
Stack trace:
#0 C:\xampp\htdocs\decamesoft\protected\views\alojamiento\_form.php(32): spl_autoload_call()
#1 C:\xampp\htdocs\yii\framework\web\CBaseController.php(126): require()
#2 C:\xampp\htdocs\yii\framework\web\CBaseController.php(95): AlojamientoController->renderInternal()
#3 C:\xampp\htdocs\yii\framework\web\CController.php(869): AlojamientoController->renderFile()
#4 C:\xampp\htdocs\decamesoft\protected\views\alojamiento\create.php(18): AlojamientoController->renderPartial()
#5 C:\xampp\htdocs\yii\framework\web\CBaseController.php(126): require()
#6 C:\xampp\htdocs\yii\framework\web\CBaseController.php(95): AlojamientoController->renderInternal()
#7 C:\xampp\htdocs\yii\framework\web\CController.php(869): AlojamientoController->renderFile()
#8 C:\xampp\htdocs\yii\framework\web\CController.php(782): AlojamientoController->renderPartial()
#9 C:\xampp\htdocs\decamesoft\protected\controllers\AlojamientoController.php(79): AlojamientoController->render()
#10 C:\xampp\htdocs\yii\framework\web\actions\CInlineAction.php(49): AlojamientoController->actionCreate()
#11 C:\xampp\htdocs\yii\framework\web\CController.php(308): CInlineAction->runWithParams()
#12 C:\xampp\htdocs\yii\framework\web\filters\CFilterChain.php(133): AlojamientoController->runAction()
#13 C:\xampp\htdocs\yii\framework\web\filters\CFilter.php(40): CFilterChain->run()
#14 C:\xampp\htdocs\yii\framework\web\CController.php(1145): CAccessControlFilter->filter()
#15 C:\xampp\htdocs\yii\framework\web\filters\CInlineFilter.php(58): AlojamientoController->filterAccessControl()
#16 C:\xampp\htdocs\yii\framework\web\filters\CFilterChain.php(130): CInlineFilter->filter()
#17 C:\xampp\htdocs\yii\framework\web\CController.php(291): CFilterChain->run()
#18 C:\xampp\htdocs\yii\framework\web\CController.php(265): AlojamientoController->runActionWithFilters()
#19 C:\xampp\htdocs\yii\framework\web\CWebApplication.php(282): AlojamientoController->run()
#20 C:\xampp\htdocs\yii\framework\web\CWebApplication.php(141): CWebApplication->runController()
#21 C:\xampp\htdocs\yii\framework\base\CApplication.php(180): CWebApplication->processRequest()
#22 C:\xampp\htdocs\decamesoft\index.php(13): CWebApplication->run()
REQUEST_URI=/decamesoft/alojamiento/create
in C:\xampp\htdocs\decamesoft\protected\views\alojamiento\_form.php (32)
in C:\xampp\htdocs\decamesoft\protected\views\alojamiento\create.php (18)
in C:\xampp\htdocs\decamesoft\protected\controllers\AlojamientoController.php (79)
2013/11/20 10:00:42 [error] [exception.CHttpException.404] exception 'CHttpException' with message 'The system is unable to find the requested action "gii".' in C:\xampp\htdocs\yii\framework\web\CController.php:483
Stack trace:
#0 C:\xampp\htdocs\yii\framework\web\CController.php(270): CController->missingAction('gii')
#1 C:\xampp\htdocs\yii\framework\web\CWebApplication.php(282): CController->run('gii')
#2 C:\xampp\htdocs\yii\framework\web\CWebApplication.php(141): CWebApplication->runController('alojamiento/gii')
#3 C:\xampp\htdocs\yii\framework\base\CApplication.php(180): CWebApplication->processRequest()
#4 C:\xampp\htdocs\decamesoft\index.php(13): CApplication->run()
#5 {main}
REQUEST_URI=/decamesoft/alojamiento/gii
---
